16:08:59 DEBUG : Logs will be stored at '/home/anthony/zybo_to_ultra/new_workspace/IDE.log'.
16:09:00 INFO  : Launching XSCT server: xsct -n  -interactive /home/anthony/zybo_to_ultra/new_workspace/temp_xsdb_launch_script.tcl
16:09:00 INFO  : Registering command handlers for Vitis TCF services
16:09:00 INFO  : Platform repository initialization has completed.
16:09:02 INFO  : XSCT server has started successfully.
16:09:02 INFO  : plnx-install-location is set to ''
16:09:02 INFO  : Successfully done setting XSCT server connection channel  
16:09:02 INFO  : Successfully done query RDI_DATADIR 
16:09:02 INFO  : Successfully done setting workspace for the tool. 
16:10:02 INFO  : Result from executing command 'getProjects': design_1_wrapper
16:10:02 INFO  : Result from executing command 'getPlatforms': xilinx_vck190_base_202210_1|/tools/Xilinx/Vitis/2022.1/base_platforms/xilinx_vck190_base_202210_1/xilinx_vck190_base_202210_1.xpfm;xilinx_vck190_base_dfx_202210_1|/tools/Xilinx/Vitis/2022.1/base_platforms/xilinx_vck190_base_dfx_202210_1/xilinx_vck190_base_dfx_202210_1.xpfm;xilinx_vmk180_base_202210_1|/tools/Xilinx/Vitis/2022.1/base_platforms/xilinx_vmk180_base_202210_1/xilinx_vmk180_base_202210_1.xpfm;xilinx_zcu102_base_202210_1|/tools/Xilinx/Vitis/2022.1/base_platforms/xilinx_zcu102_base_202210_1/xilinx_zcu102_base_202210_1.xpfm;xilinx_zcu102_base_dfx_202210_1|/tools/Xilinx/Vitis/2022.1/base_platforms/xilinx_zcu102_base_dfx_202210_1/xilinx_zcu102_base_dfx_202210_1.xpfm;xilinx_zcu104_base_202210_1|/tools/Xilinx/Vitis/2022.1/base_platforms/xilinx_zcu104_base_202210_1/xilinx_zcu104_base_202210_1.xpfm
16:10:03 WARN  : An unexpected exception occurred in the module 'platform project logging'
16:10:03 INFO  : Platform 'design_1_wrapper' is added to custom repositories.
16:10:08 INFO  : Platform 'design_1_wrapper' is added to custom repositories.
16:11:52 INFO  : Result from executing command 'getProjects': design_1_wrapper
16:11:52 INFO  : Result from executing command 'getPlatforms': design_1_wrapper|/home/anthony/zybo_to_ultra/new_workspace/design_1_wrapper/export/design_1_wrapper/design_1_wrapper.xpfm;xilinx_vck190_base_202210_1|/tools/Xilinx/Vitis/2022.1/base_platforms/xilinx_vck190_base_202210_1/xilinx_vck190_base_202210_1.xpfm;xilinx_vck190_base_dfx_202210_1|/tools/Xilinx/Vitis/2022.1/base_platforms/xilinx_vck190_base_dfx_202210_1/xilinx_vck190_base_dfx_202210_1.xpfm;xilinx_vmk180_base_202210_1|/tools/Xilinx/Vitis/2022.1/base_platforms/xilinx_vmk180_base_202210_1/xilinx_vmk180_base_202210_1.xpfm;xilinx_zcu102_base_202210_1|/tools/Xilinx/Vitis/2022.1/base_platforms/xilinx_zcu102_base_202210_1/xilinx_zcu102_base_202210_1.xpfm;xilinx_zcu102_base_dfx_202210_1|/tools/Xilinx/Vitis/2022.1/base_platforms/xilinx_zcu102_base_dfx_202210_1/xilinx_zcu102_base_dfx_202210_1.xpfm;xilinx_zcu104_base_202210_1|/tools/Xilinx/Vitis/2022.1/base_platforms/xilinx_zcu104_base_202210_1/xilinx_zcu104_base_202210_1.xpfm
16:11:55 INFO  : Checking for BSP changes to sync application flags for project 'transfer'...
16:12:04 INFO  : Connected to target on host '127.0.0.1' and port '3121'.
16:12:04 INFO  : Jtag cable 'Digilent Zybo Z7 210351AF224DA' is selected.
16:12:04 INFO  : 'jtag frequency' command is executed.
16:12:04 INFO  : Context for 'APU' is selected.
16:12:04 INFO  : System reset is completed.
16:12:07 INFO  : 'after 3000' command is executed.
16:12:07 INFO  : 'targets -set -filter {jtag_cable_name =~ "Digilent Zybo Z7 210351AF224DA" && level==0 && jtag_device_ctx=="jsn-Zybo Z7-210351AF224DA-13722093-0"}' command is executed.
16:12:08 INFO  : Device configured successfully with "/home/anthony/zybo_to_ultra/new_workspace/transfer/_ide/bitstream/design_1_wrapper.bit"
16:12:08 INFO  : Context for 'APU' is selected.
16:12:08 INFO  : Hardware design and registers information is loaded from '/home/anthony/zybo_to_ultra/new_workspace/design_1_wrapper/export/design_1_wrapper/hw/design_1_wrapper.xsa'.
16:12:08 INFO  : 'configparams force-mem-access 1' command is executed.
16:12:08 INFO  : Context for 'APU' is selected.
16:12:08 INFO  : Sourcing of '/home/anthony/zybo_to_ultra/new_workspace/transfer/_ide/psinit/ps7_init.tcl' is done.
16:12:08 INFO  : 'ps7_init' command is executed.
16:12:09 INFO  : 'ps7_post_config' command is executed.
16:12:09 INFO  : Context for processor 'ps7_cortexa9_0' is selected.
16:12:09 INFO  : The application '/home/anthony/zybo_to_ultra/new_workspace/transfer/Debug/transfer.elf' is downloaded to processor 'ps7_cortexa9_0'.
16:12:09 INFO  : 'configparams force-mem-access 0' command is executed.
16:12:09 INFO  : ----------------XSDB Script----------------
connect -url tcp:127.0.0.1:3121
targets -set -nocase -filter {name =~"APU*"}
rst -system
after 3000
targets -set -filter {jtag_cable_name =~ "Digilent Zybo Z7 210351AF224DA" && level==0 && jtag_device_ctx=="jsn-Zybo Z7-210351AF224DA-13722093-0"}
fpga -file /home/anthony/zybo_to_ultra/new_workspace/transfer/_ide/bitstream/design_1_wrapper.bit
targets -set -nocase -filter {name =~"APU*"}
loadhw -hw /home/anthony/zybo_to_ultra/new_workspace/design_1_wrapper/export/design_1_wrapper/hw/design_1_wrapper.xsa -mem-ranges [list {0x40000000 0xbfffffff}] -regs
configparams force-mem-access 1
targets -set -nocase -filter {name =~"APU*"}
source /home/anthony/zybo_to_ultra/new_workspace/transfer/_ide/psinit/ps7_init.tcl
ps7_init
ps7_post_config
targets -set -nocase -filter {name =~ "*A9*#0"}
dow /home/anthony/zybo_to_ultra/new_workspace/transfer/Debug/transfer.elf
configparams force-mem-access 0
----------------End of Script----------------

16:12:09 INFO  : Context for processor 'ps7_cortexa9_0' is selected.
16:12:09 INFO  : 'con' command is executed.
16:12:09 INFO  : ----------------XSDB Script (After Launch)----------------
targets -set -nocase -filter {name =~ "*A9*#0"}
con
----------------End of Script----------------

16:12:09 INFO  : Launch script is exported to file '/home/anthony/zybo_to_ultra/new_workspace/transfer_system/_ide/scripts/debugger_transfer-default.tcl'
16:13:30 INFO  : Checking for BSP changes to sync application flags for project 'transfer'...
16:13:48 INFO  : Disconnected from the channel tcfchan#2.
16:13:49 INFO  : Connected to target on host '127.0.0.1' and port '3121'.
16:13:49 INFO  : Jtag cable 'Digilent Zybo Z7 210351AF224DA' is selected.
16:13:49 INFO  : 'jtag frequency' command is executed.
16:13:49 INFO  : Context for 'APU' is selected.
16:13:49 INFO  : System reset is completed.
16:13:52 INFO  : 'after 3000' command is executed.
16:13:52 INFO  : 'targets -set -filter {jtag_cable_name =~ "Digilent Zybo Z7 210351AF224DA" && level==0 && jtag_device_ctx=="jsn-Zybo Z7-210351AF224DA-13722093-0"}' command is executed.
16:13:53 INFO  : Device configured successfully with "/home/anthony/zybo_to_ultra/new_workspace/transfer/_ide/bitstream/design_1_wrapper.bit"
16:13:53 INFO  : Context for 'APU' is selected.
16:13:53 INFO  : Hardware design and registers information is loaded from '/home/anthony/zybo_to_ultra/new_workspace/design_1_wrapper/export/design_1_wrapper/hw/design_1_wrapper.xsa'.
16:13:53 INFO  : 'configparams force-mem-access 1' command is executed.
16:13:53 INFO  : Context for 'APU' is selected.
16:13:53 INFO  : Sourcing of '/home/anthony/zybo_to_ultra/new_workspace/transfer/_ide/psinit/ps7_init.tcl' is done.
16:13:54 INFO  : 'ps7_init' command is executed.
16:13:54 INFO  : 'ps7_post_config' command is executed.
16:13:54 INFO  : Context for processor 'ps7_cortexa9_0' is selected.
16:13:54 INFO  : The application '/home/anthony/zybo_to_ultra/new_workspace/transfer/Debug/transfer.elf' is downloaded to processor 'ps7_cortexa9_0'.
16:13:54 INFO  : 'configparams force-mem-access 0' command is executed.
16:13:54 INFO  : ----------------XSDB Script----------------
connect -url tcp:127.0.0.1:3121
targets -set -nocase -filter {name =~"APU*"}
rst -system
after 3000
targets -set -filter {jtag_cable_name =~ "Digilent Zybo Z7 210351AF224DA" && level==0 && jtag_device_ctx=="jsn-Zybo Z7-210351AF224DA-13722093-0"}
fpga -file /home/anthony/zybo_to_ultra/new_workspace/transfer/_ide/bitstream/design_1_wrapper.bit
targets -set -nocase -filter {name =~"APU*"}
loadhw -hw /home/anthony/zybo_to_ultra/new_workspace/design_1_wrapper/export/design_1_wrapper/hw/design_1_wrapper.xsa -mem-ranges [list {0x40000000 0xbfffffff}] -regs
configparams force-mem-access 1
targets -set -nocase -filter {name =~"APU*"}
source /home/anthony/zybo_to_ultra/new_workspace/transfer/_ide/psinit/ps7_init.tcl
ps7_init
ps7_post_config
targets -set -nocase -filter {name =~ "*A9*#0"}
dow /home/anthony/zybo_to_ultra/new_workspace/transfer/Debug/transfer.elf
configparams force-mem-access 0
----------------End of Script----------------

16:13:54 INFO  : Context for processor 'ps7_cortexa9_0' is selected.
16:13:54 INFO  : 'con' command is executed.
16:13:54 INFO  : ----------------XSDB Script (After Launch)----------------
targets -set -nocase -filter {name =~ "*A9*#0"}
con
----------------End of Script----------------

16:13:54 INFO  : Launch script is exported to file '/home/anthony/zybo_to_ultra/new_workspace/transfer_system/_ide/scripts/debugger_transfer-default.tcl'
16:17:08 INFO  : Checking for BSP changes to sync application flags for project 'transfer'...
16:17:17 INFO  : Disconnected from the channel tcfchan#3.
16:17:18 INFO  : Connected to target on host '127.0.0.1' and port '3121'.
16:17:18 INFO  : Jtag cable 'Digilent Zybo Z7 210351AF224DA' is selected.
16:17:18 ERROR : port closed
16:17:18 INFO  : ----------------XSDB Script----------------
connect -url tcp:127.0.0.1:3121
----------------End of Script----------------

16:17:18 ERROR : port closed
16:17:25 INFO  : Connected to target on host '127.0.0.1' and port '3121'.
16:17:25 INFO  : Jtag cable 'Digilent Zybo Z7 210351AF224DA' is selected.
16:17:25 INFO  : 'jtag frequency' command is executed.
16:17:25 INFO  : Context for 'APU' is selected.
16:17:25 INFO  : System reset is completed.
16:17:28 INFO  : 'after 3000' command is executed.
16:17:28 INFO  : 'targets -set -filter {jtag_cable_name =~ "Digilent Zybo Z7 210351AF224DA" && level==0 && jtag_device_ctx=="jsn-Zybo Z7-210351AF224DA-13722093-0"}' command is executed.
16:17:29 INFO  : Device configured successfully with "/home/anthony/zybo_to_ultra/new_workspace/transfer/_ide/bitstream/design_1_wrapper.bit"
16:17:29 INFO  : Context for 'APU' is selected.
16:17:29 INFO  : Hardware design and registers information is loaded from '/home/anthony/zybo_to_ultra/new_workspace/design_1_wrapper/export/design_1_wrapper/hw/design_1_wrapper.xsa'.
16:17:29 INFO  : 'configparams force-mem-access 1' command is executed.
16:17:29 INFO  : Context for 'APU' is selected.
16:17:29 INFO  : Sourcing of '/home/anthony/zybo_to_ultra/new_workspace/transfer/_ide/psinit/ps7_init.tcl' is done.
16:17:29 INFO  : 'ps7_init' command is executed.
16:17:29 INFO  : 'ps7_post_config' command is executed.
16:17:29 INFO  : Context for processor 'ps7_cortexa9_0' is selected.
16:17:30 INFO  : The application '/home/anthony/zybo_to_ultra/new_workspace/transfer/Debug/transfer.elf' is downloaded to processor 'ps7_cortexa9_0'.
16:17:30 INFO  : 'configparams force-mem-access 0' command is executed.
16:17:30 INFO  : ----------------XSDB Script----------------
connect -url tcp:127.0.0.1:3121
targets -set -nocase -filter {name =~"APU*"}
rst -system
after 3000
targets -set -filter {jtag_cable_name =~ "Digilent Zybo Z7 210351AF224DA" && level==0 && jtag_device_ctx=="jsn-Zybo Z7-210351AF224DA-13722093-0"}
fpga -file /home/anthony/zybo_to_ultra/new_workspace/transfer/_ide/bitstream/design_1_wrapper.bit
targets -set -nocase -filter {name =~"APU*"}
loadhw -hw /home/anthony/zybo_to_ultra/new_workspace/design_1_wrapper/export/design_1_wrapper/hw/design_1_wrapper.xsa -mem-ranges [list {0x40000000 0xbfffffff}] -regs
configparams force-mem-access 1
targets -set -nocase -filter {name =~"APU*"}
source /home/anthony/zybo_to_ultra/new_workspace/transfer/_ide/psinit/ps7_init.tcl
ps7_init
ps7_post_config
targets -set -nocase -filter {name =~ "*A9*#0"}
dow /home/anthony/zybo_to_ultra/new_workspace/transfer/Debug/transfer.elf
configparams force-mem-access 0
----------------End of Script----------------

16:17:30 INFO  : Context for processor 'ps7_cortexa9_0' is selected.
16:17:30 INFO  : 'con' command is executed.
16:17:30 INFO  : ----------------XSDB Script (After Launch)----------------
targets -set -nocase -filter {name =~ "*A9*#0"}
con
----------------End of Script----------------

16:17:30 INFO  : Launch script is exported to file '/home/anthony/zybo_to_ultra/new_workspace/transfer_system/_ide/scripts/debugger_transfer-default.tcl'
16:17:58 INFO  : Disconnected from the channel tcfchan#4.
16:17:59 INFO  : Connected to target on host '127.0.0.1' and port '3121'.
16:17:59 INFO  : Jtag cable 'Digilent Zybo Z7 210351AF224DA' is selected.
16:17:59 ERROR : port closed
16:17:59 INFO  : ----------------XSDB Script----------------
connect -url tcp:127.0.0.1:3121
----------------End of Script----------------

16:17:59 ERROR : port closed
16:18:03 INFO  : Connected to target on host '127.0.0.1' and port '3121'.
16:18:03 INFO  : Jtag cable 'Digilent Zybo Z7 210351AF224DA' is selected.
16:18:03 INFO  : 'jtag frequency' command is executed.
16:18:03 INFO  : Context for 'APU' is selected.
16:18:03 INFO  : System reset is completed.
16:18:06 INFO  : 'after 3000' command is executed.
16:18:06 INFO  : 'targets -set -filter {jtag_cable_name =~ "Digilent Zybo Z7 210351AF224DA" && level==0 && jtag_device_ctx=="jsn-Zybo Z7-210351AF224DA-13722093-0"}' command is executed.
16:18:07 INFO  : Device configured successfully with "/home/anthony/zybo_to_ultra/new_workspace/transfer/_ide/bitstream/design_1_wrapper.bit"
16:18:07 INFO  : Context for 'APU' is selected.
16:18:07 INFO  : Hardware design and registers information is loaded from '/home/anthony/zybo_to_ultra/new_workspace/design_1_wrapper/export/design_1_wrapper/hw/design_1_wrapper.xsa'.
16:18:07 INFO  : 'configparams force-mem-access 1' command is executed.
16:18:07 INFO  : Context for 'APU' is selected.
16:18:07 INFO  : Sourcing of '/home/anthony/zybo_to_ultra/new_workspace/transfer/_ide/psinit/ps7_init.tcl' is done.
16:18:07 INFO  : 'ps7_init' command is executed.
16:18:07 INFO  : 'ps7_post_config' command is executed.
16:18:07 INFO  : Context for processor 'ps7_cortexa9_0' is selected.
16:18:07 INFO  : The application '/home/anthony/zybo_to_ultra/new_workspace/transfer/Debug/transfer.elf' is downloaded to processor 'ps7_cortexa9_0'.
16:18:07 INFO  : 'configparams force-mem-access 0' command is executed.
16:18:07 INFO  : ----------------XSDB Script----------------
connect -url tcp:127.0.0.1:3121
targets -set -nocase -filter {name =~"APU*"}
rst -system
after 3000
targets -set -filter {jtag_cable_name =~ "Digilent Zybo Z7 210351AF224DA" && level==0 && jtag_device_ctx=="jsn-Zybo Z7-210351AF224DA-13722093-0"}
fpga -file /home/anthony/zybo_to_ultra/new_workspace/transfer/_ide/bitstream/design_1_wrapper.bit
targets -set -nocase -filter {name =~"APU*"}
loadhw -hw /home/anthony/zybo_to_ultra/new_workspace/design_1_wrapper/export/design_1_wrapper/hw/design_1_wrapper.xsa -mem-ranges [list {0x40000000 0xbfffffff}] -regs
configparams force-mem-access 1
targets -set -nocase -filter {name =~"APU*"}
source /home/anthony/zybo_to_ultra/new_workspace/transfer/_ide/psinit/ps7_init.tcl
ps7_init
ps7_post_config
targets -set -nocase -filter {name =~ "*A9*#0"}
dow /home/anthony/zybo_to_ultra/new_workspace/transfer/Debug/transfer.elf
configparams force-mem-access 0
----------------End of Script----------------

16:18:07 INFO  : Context for processor 'ps7_cortexa9_0' is selected.
16:18:07 INFO  : 'con' command is executed.
16:18:07 INFO  : ----------------XSDB Script (After Launch)----------------
targets -set -nocase -filter {name =~ "*A9*#0"}
con
----------------End of Script----------------

16:18:07 INFO  : Launch script is exported to file '/home/anthony/zybo_to_ultra/new_workspace/transfer_system/_ide/scripts/debugger_transfer-default.tcl'
16:18:36 INFO  : Checking for BSP changes to sync application flags for project 'transfer'...
16:18:56 INFO  : Checking for BSP changes to sync application flags for project 'transfer'...
16:19:00 INFO  : Disconnected from the channel tcfchan#5.
16:19:01 INFO  : Connected to target on host '127.0.0.1' and port '3121'.
16:19:01 INFO  : Jtag cable 'Digilent Zybo Z7 210351AF224DA' is selected.
16:19:01 INFO  : 'jtag frequency' command is executed.
16:19:01 INFO  : Context for 'APU' is selected.
16:19:01 INFO  : System reset is completed.
16:19:04 INFO  : 'after 3000' command is executed.
16:19:04 INFO  : 'targets -set -filter {jtag_cable_name =~ "Digilent Zybo Z7 210351AF224DA" && level==0 && jtag_device_ctx=="jsn-Zybo Z7-210351AF224DA-13722093-0"}' command is executed.
16:19:05 INFO  : Device configured successfully with "/home/anthony/zybo_to_ultra/new_workspace/transfer/_ide/bitstream/design_1_wrapper.bit"
16:19:05 INFO  : Context for 'APU' is selected.
16:19:05 INFO  : Hardware design and registers information is loaded from '/home/anthony/zybo_to_ultra/new_workspace/design_1_wrapper/export/design_1_wrapper/hw/design_1_wrapper.xsa'.
16:19:05 INFO  : 'configparams force-mem-access 1' command is executed.
16:19:05 INFO  : Context for 'APU' is selected.
16:19:05 INFO  : Sourcing of '/home/anthony/zybo_to_ultra/new_workspace/transfer/_ide/psinit/ps7_init.tcl' is done.
16:19:05 INFO  : 'ps7_init' command is executed.
16:19:05 INFO  : 'ps7_post_config' command is executed.
16:19:05 INFO  : Context for processor 'ps7_cortexa9_0' is selected.
16:19:05 INFO  : The application '/home/anthony/zybo_to_ultra/new_workspace/transfer/Debug/transfer.elf' is downloaded to processor 'ps7_cortexa9_0'.
16:19:06 INFO  : 'configparams force-mem-access 0' command is executed.
16:19:06 INFO  : ----------------XSDB Script----------------
connect -url tcp:127.0.0.1:3121
targets -set -nocase -filter {name =~"APU*"}
rst -system
after 3000
targets -set -filter {jtag_cable_name =~ "Digilent Zybo Z7 210351AF224DA" && level==0 && jtag_device_ctx=="jsn-Zybo Z7-210351AF224DA-13722093-0"}
fpga -file /home/anthony/zybo_to_ultra/new_workspace/transfer/_ide/bitstream/design_1_wrapper.bit
targets -set -nocase -filter {name =~"APU*"}
loadhw -hw /home/anthony/zybo_to_ultra/new_workspace/design_1_wrapper/export/design_1_wrapper/hw/design_1_wrapper.xsa -mem-ranges [list {0x40000000 0xbfffffff}] -regs
configparams force-mem-access 1
targets -set -nocase -filter {name =~"APU*"}
source /home/anthony/zybo_to_ultra/new_workspace/transfer/_ide/psinit/ps7_init.tcl
ps7_init
ps7_post_config
targets -set -nocase -filter {name =~ "*A9*#0"}
dow /home/anthony/zybo_to_ultra/new_workspace/transfer/Debug/transfer.elf
configparams force-mem-access 0
----------------End of Script----------------

16:19:06 INFO  : Context for processor 'ps7_cortexa9_0' is selected.
16:19:06 INFO  : 'con' command is executed.
16:19:06 INFO  : ----------------XSDB Script (After Launch)----------------
targets -set -nocase -filter {name =~ "*A9*#0"}
con
----------------End of Script----------------

16:19:06 INFO  : Launch script is exported to file '/home/anthony/zybo_to_ultra/new_workspace/transfer_system/_ide/scripts/debugger_transfer-default.tcl'
16:19:46 INFO  : Checking for BSP changes to sync application flags for project 'transfer'...
16:19:47 INFO  : Disconnected from the channel tcfchan#6.
16:19:48 INFO  : Connected to target on host '127.0.0.1' and port '3121'.
16:19:48 INFO  : Jtag cable 'Digilent Zybo Z7 210351AF224DA' is selected.
16:19:48 INFO  : 'jtag frequency' command is executed.
16:19:48 INFO  : Context for 'APU' is selected.
16:19:48 INFO  : System reset is completed.
16:19:51 INFO  : 'after 3000' command is executed.
16:19:51 INFO  : 'targets -set -filter {jtag_cable_name =~ "Digilent Zybo Z7 210351AF224DA" && level==0 && jtag_device_ctx=="jsn-Zybo Z7-210351AF224DA-13722093-0"}' command is executed.
16:19:53 INFO  : Device configured successfully with "/home/anthony/zybo_to_ultra/new_workspace/transfer/_ide/bitstream/design_1_wrapper.bit"
16:19:53 INFO  : Context for 'APU' is selected.
16:19:53 INFO  : Hardware design and registers information is loaded from '/home/anthony/zybo_to_ultra/new_workspace/design_1_wrapper/export/design_1_wrapper/hw/design_1_wrapper.xsa'.
16:19:53 INFO  : 'configparams force-mem-access 1' command is executed.
16:19:53 INFO  : Context for 'APU' is selected.
16:19:53 INFO  : Sourcing of '/home/anthony/zybo_to_ultra/new_workspace/transfer/_ide/psinit/ps7_init.tcl' is done.
16:19:53 INFO  : 'ps7_init' command is executed.
16:19:53 INFO  : 'ps7_post_config' command is executed.
16:19:53 INFO  : Context for processor 'ps7_cortexa9_0' is selected.
16:19:53 INFO  : The application '/home/anthony/zybo_to_ultra/new_workspace/transfer/Debug/transfer.elf' is downloaded to processor 'ps7_cortexa9_0'.
16:19:53 INFO  : 'configparams force-mem-access 0' command is executed.
16:19:53 INFO  : ----------------XSDB Script----------------
connect -url tcp:127.0.0.1:3121
targets -set -nocase -filter {name =~"APU*"}
rst -system
after 3000
targets -set -filter {jtag_cable_name =~ "Digilent Zybo Z7 210351AF224DA" && level==0 && jtag_device_ctx=="jsn-Zybo Z7-210351AF224DA-13722093-0"}
fpga -file /home/anthony/zybo_to_ultra/new_workspace/transfer/_ide/bitstream/design_1_wrapper.bit
targets -set -nocase -filter {name =~"APU*"}
loadhw -hw /home/anthony/zybo_to_ultra/new_workspace/design_1_wrapper/export/design_1_wrapper/hw/design_1_wrapper.xsa -mem-ranges [list {0x40000000 0xbfffffff}] -regs
configparams force-mem-access 1
targets -set -nocase -filter {name =~"APU*"}
source /home/anthony/zybo_to_ultra/new_workspace/transfer/_ide/psinit/ps7_init.tcl
ps7_init
ps7_post_config
targets -set -nocase -filter {name =~ "*A9*#0"}
dow /home/anthony/zybo_to_ultra/new_workspace/transfer/Debug/transfer.elf
configparams force-mem-access 0
----------------End of Script----------------

16:19:53 INFO  : Context for processor 'ps7_cortexa9_0' is selected.
16:19:53 INFO  : 'con' command is executed.
16:19:53 INFO  : ----------------XSDB Script (After Launch)----------------
targets -set -nocase -filter {name =~ "*A9*#0"}
con
----------------End of Script----------------

16:19:53 INFO  : Launch script is exported to file '/home/anthony/zybo_to_ultra/new_workspace/transfer_system/_ide/scripts/debugger_transfer-default.tcl'
16:20:31 INFO  : Checking for BSP changes to sync application flags for project 'transfer'...
16:20:32 INFO  : Disconnected from the channel tcfchan#7.
16:20:33 INFO  : Connected to target on host '127.0.0.1' and port '3121'.
16:20:34 INFO  : Jtag cable 'Digilent Zybo Z7 210351AF224DA' is selected.
16:20:34 INFO  : 'jtag frequency' command is executed.
16:20:34 INFO  : Context for 'APU' is selected.
16:20:34 INFO  : System reset is completed.
16:20:37 INFO  : 'after 3000' command is executed.
16:20:37 INFO  : 'targets -set -filter {jtag_cable_name =~ "Digilent Zybo Z7 210351AF224DA" && level==0 && jtag_device_ctx=="jsn-Zybo Z7-210351AF224DA-13722093-0"}' command is executed.
16:20:38 INFO  : Device configured successfully with "/home/anthony/zybo_to_ultra/new_workspace/transfer/_ide/bitstream/design_1_wrapper.bit"
16:20:38 INFO  : Context for 'APU' is selected.
16:20:38 INFO  : Hardware design and registers information is loaded from '/home/anthony/zybo_to_ultra/new_workspace/design_1_wrapper/export/design_1_wrapper/hw/design_1_wrapper.xsa'.
16:20:38 INFO  : 'configparams force-mem-access 1' command is executed.
16:20:38 INFO  : Context for 'APU' is selected.
16:20:38 INFO  : Sourcing of '/home/anthony/zybo_to_ultra/new_workspace/transfer/_ide/psinit/ps7_init.tcl' is done.
16:20:38 INFO  : 'ps7_init' command is executed.
16:20:38 INFO  : 'ps7_post_config' command is executed.
16:20:38 INFO  : Context for processor 'ps7_cortexa9_0' is selected.
16:20:38 INFO  : The application '/home/anthony/zybo_to_ultra/new_workspace/transfer/Debug/transfer.elf' is downloaded to processor 'ps7_cortexa9_0'.
16:20:38 INFO  : 'configparams force-mem-access 0' command is executed.
16:20:38 INFO  : ----------------XSDB Script----------------
connect -url tcp:127.0.0.1:3121
targets -set -nocase -filter {name =~"APU*"}
rst -system
after 3000
targets -set -filter {jtag_cable_name =~ "Digilent Zybo Z7 210351AF224DA" && level==0 && jtag_device_ctx=="jsn-Zybo Z7-210351AF224DA-13722093-0"}
fpga -file /home/anthony/zybo_to_ultra/new_workspace/transfer/_ide/bitstream/design_1_wrapper.bit
targets -set -nocase -filter {name =~"APU*"}
loadhw -hw /home/anthony/zybo_to_ultra/new_workspace/design_1_wrapper/export/design_1_wrapper/hw/design_1_wrapper.xsa -mem-ranges [list {0x40000000 0xbfffffff}] -regs
configparams force-mem-access 1
targets -set -nocase -filter {name =~"APU*"}
source /home/anthony/zybo_to_ultra/new_workspace/transfer/_ide/psinit/ps7_init.tcl
ps7_init
ps7_post_config
targets -set -nocase -filter {name =~ "*A9*#0"}
dow /home/anthony/zybo_to_ultra/new_workspace/transfer/Debug/transfer.elf
configparams force-mem-access 0
----------------End of Script----------------

16:20:38 INFO  : Context for processor 'ps7_cortexa9_0' is selected.
16:20:38 INFO  : 'con' command is executed.
16:20:38 INFO  : ----------------XSDB Script (After Launch)----------------
targets -set -nocase -filter {name =~ "*A9*#0"}
con
----------------End of Script----------------

16:20:38 INFO  : Launch script is exported to file '/home/anthony/zybo_to_ultra/new_workspace/transfer_system/_ide/scripts/debugger_transfer-default.tcl'
16:21:24 INFO  : Checking for BSP changes to sync application flags for project 'transfer'...
16:21:26 INFO  : Disconnected from the channel tcfchan#8.
16:21:27 INFO  : Connected to target on host '127.0.0.1' and port '3121'.
16:21:27 INFO  : Jtag cable 'Digilent Zybo Z7 210351AF224DA' is selected.
16:21:27 ERROR : port closed
16:21:27 INFO  : ----------------XSDB Script----------------
connect -url tcp:127.0.0.1:3121
----------------End of Script----------------

16:21:27 ERROR : port closed
16:21:31 INFO  : Connected to target on host '127.0.0.1' and port '3121'.
16:21:31 INFO  : Jtag cable 'Digilent Zybo Z7 210351AF224DA' is selected.
16:21:31 INFO  : 'jtag frequency' command is executed.
16:21:31 INFO  : Context for 'APU' is selected.
16:21:31 INFO  : System reset is completed.
16:21:34 INFO  : 'after 3000' command is executed.
16:21:34 INFO  : 'targets -set -filter {jtag_cable_name =~ "Digilent Zybo Z7 210351AF224DA" && level==0 && jtag_device_ctx=="jsn-Zybo Z7-210351AF224DA-13722093-0"}' command is executed.
16:21:35 INFO  : Device configured successfully with "/home/anthony/zybo_to_ultra/new_workspace/transfer/_ide/bitstream/design_1_wrapper.bit"
16:21:35 INFO  : Context for 'APU' is selected.
16:21:35 INFO  : Hardware design and registers information is loaded from '/home/anthony/zybo_to_ultra/new_workspace/design_1_wrapper/export/design_1_wrapper/hw/design_1_wrapper.xsa'.
16:21:35 INFO  : 'configparams force-mem-access 1' command is executed.
16:21:35 INFO  : Context for 'APU' is selected.
16:21:35 INFO  : Sourcing of '/home/anthony/zybo_to_ultra/new_workspace/transfer/_ide/psinit/ps7_init.tcl' is done.
16:21:35 INFO  : 'ps7_init' command is executed.
16:21:35 INFO  : 'ps7_post_config' command is executed.
16:21:35 INFO  : Context for processor 'ps7_cortexa9_0' is selected.
16:21:35 INFO  : The application '/home/anthony/zybo_to_ultra/new_workspace/transfer/Debug/transfer.elf' is downloaded to processor 'ps7_cortexa9_0'.
16:21:36 INFO  : 'configparams force-mem-access 0' command is executed.
16:21:36 INFO  : ----------------XSDB Script----------------
connect -url tcp:127.0.0.1:3121
targets -set -nocase -filter {name =~"APU*"}
rst -system
after 3000
targets -set -filter {jtag_cable_name =~ "Digilent Zybo Z7 210351AF224DA" && level==0 && jtag_device_ctx=="jsn-Zybo Z7-210351AF224DA-13722093-0"}
fpga -file /home/anthony/zybo_to_ultra/new_workspace/transfer/_ide/bitstream/design_1_wrapper.bit
targets -set -nocase -filter {name =~"APU*"}
loadhw -hw /home/anthony/zybo_to_ultra/new_workspace/design_1_wrapper/export/design_1_wrapper/hw/design_1_wrapper.xsa -mem-ranges [list {0x40000000 0xbfffffff}] -regs
configparams force-mem-access 1
targets -set -nocase -filter {name =~"APU*"}
source /home/anthony/zybo_to_ultra/new_workspace/transfer/_ide/psinit/ps7_init.tcl
ps7_init
ps7_post_config
targets -set -nocase -filter {name =~ "*A9*#0"}
dow /home/anthony/zybo_to_ultra/new_workspace/transfer/Debug/transfer.elf
configparams force-mem-access 0
----------------End of Script----------------

16:21:36 INFO  : Context for processor 'ps7_cortexa9_0' is selected.
16:21:36 INFO  : 'con' command is executed.
16:21:36 INFO  : ----------------XSDB Script (After Launch)----------------
targets -set -nocase -filter {name =~ "*A9*#0"}
con
----------------End of Script----------------

16:21:36 INFO  : Launch script is exported to file '/home/anthony/zybo_to_ultra/new_workspace/transfer_system/_ide/scripts/debugger_transfer-default.tcl'
16:22:04 INFO  : Checking for BSP changes to sync application flags for project 'transfer'...
16:22:05 INFO  : Disconnected from the channel tcfchan#9.
16:22:06 INFO  : Connected to target on host '127.0.0.1' and port '3121'.
16:22:07 INFO  : Jtag cable 'Digilent Zybo Z7 210351AF224DA' is selected.
16:22:07 INFO  : 'jtag frequency' command is executed.
16:22:07 INFO  : Context for 'APU' is selected.
16:22:07 INFO  : System reset is completed.
16:22:10 INFO  : 'after 3000' command is executed.
16:22:10 INFO  : 'targets -set -filter {jtag_cable_name =~ "Digilent Zybo Z7 210351AF224DA" && level==0 && jtag_device_ctx=="jsn-Zybo Z7-210351AF224DA-13722093-0"}' command is executed.
16:22:11 INFO  : Device configured successfully with "/home/anthony/zybo_to_ultra/new_workspace/transfer/_ide/bitstream/design_1_wrapper.bit"
16:22:11 INFO  : Context for 'APU' is selected.
16:22:11 INFO  : Hardware design and registers information is loaded from '/home/anthony/zybo_to_ultra/new_workspace/design_1_wrapper/export/design_1_wrapper/hw/design_1_wrapper.xsa'.
16:22:11 INFO  : 'configparams force-mem-access 1' command is executed.
16:22:11 INFO  : Context for 'APU' is selected.
16:22:11 INFO  : Sourcing of '/home/anthony/zybo_to_ultra/new_workspace/transfer/_ide/psinit/ps7_init.tcl' is done.
16:22:11 INFO  : 'ps7_init' command is executed.
16:22:11 INFO  : 'ps7_post_config' command is executed.
16:22:11 INFO  : Context for processor 'ps7_cortexa9_0' is selected.
16:22:11 INFO  : The application '/home/anthony/zybo_to_ultra/new_workspace/transfer/Debug/transfer.elf' is downloaded to processor 'ps7_cortexa9_0'.
16:22:11 INFO  : 'configparams force-mem-access 0' command is executed.
16:22:11 INFO  : ----------------XSDB Script----------------
connect -url tcp:127.0.0.1:3121
targets -set -nocase -filter {name =~"APU*"}
rst -system
after 3000
targets -set -filter {jtag_cable_name =~ "Digilent Zybo Z7 210351AF224DA" && level==0 && jtag_device_ctx=="jsn-Zybo Z7-210351AF224DA-13722093-0"}
fpga -file /home/anthony/zybo_to_ultra/new_workspace/transfer/_ide/bitstream/design_1_wrapper.bit
targets -set -nocase -filter {name =~"APU*"}
loadhw -hw /home/anthony/zybo_to_ultra/new_workspace/design_1_wrapper/export/design_1_wrapper/hw/design_1_wrapper.xsa -mem-ranges [list {0x40000000 0xbfffffff}] -regs
configparams force-mem-access 1
targets -set -nocase -filter {name =~"APU*"}
source /home/anthony/zybo_to_ultra/new_workspace/transfer/_ide/psinit/ps7_init.tcl
ps7_init
ps7_post_config
targets -set -nocase -filter {name =~ "*A9*#0"}
dow /home/anthony/zybo_to_ultra/new_workspace/transfer/Debug/transfer.elf
configparams force-mem-access 0
----------------End of Script----------------

16:22:11 INFO  : Context for processor 'ps7_cortexa9_0' is selected.
16:22:11 INFO  : 'con' command is executed.
16:22:11 INFO  : ----------------XSDB Script (After Launch)----------------
targets -set -nocase -filter {name =~ "*A9*#0"}
con
----------------End of Script----------------

16:22:11 INFO  : Launch script is exported to file '/home/anthony/zybo_to_ultra/new_workspace/transfer_system/_ide/scripts/debugger_transfer-default.tcl'
16:22:47 INFO  : Checking for BSP changes to sync application flags for project 'transfer'...
16:22:48 INFO  : Disconnected from the channel tcfchan#10.
16:22:49 INFO  : Connected to target on host '127.0.0.1' and port '3121'.
16:22:50 INFO  : Jtag cable 'Digilent Zybo Z7 210351AF224DA' is selected.
16:22:50 ERROR : port closed
16:22:50 INFO  : ----------------XSDB Script----------------
connect -url tcp:127.0.0.1:3121
----------------End of Script----------------

16:22:50 ERROR : port closed
16:22:54 INFO  : Connected to target on host '127.0.0.1' and port '3121'.
16:22:54 INFO  : Jtag cable 'Digilent Zybo Z7 210351AF224DA' is selected.
16:22:54 INFO  : 'jtag frequency' command is executed.
16:22:54 INFO  : Context for 'APU' is selected.
16:22:54 INFO  : System reset is completed.
16:22:57 INFO  : 'after 3000' command is executed.
16:22:57 INFO  : 'targets -set -filter {jtag_cable_name =~ "Digilent Zybo Z7 210351AF224DA" && level==0 && jtag_device_ctx=="jsn-Zybo Z7-210351AF224DA-13722093-0"}' command is executed.
16:22:58 INFO  : Device configured successfully with "/home/anthony/zybo_to_ultra/new_workspace/transfer/_ide/bitstream/design_1_wrapper.bit"
16:22:58 INFO  : Context for 'APU' is selected.
16:22:58 INFO  : Hardware design and registers information is loaded from '/home/anthony/zybo_to_ultra/new_workspace/design_1_wrapper/export/design_1_wrapper/hw/design_1_wrapper.xsa'.
16:22:58 INFO  : 'configparams force-mem-access 1' command is executed.
16:22:58 INFO  : Context for 'APU' is selected.
16:22:58 INFO  : Sourcing of '/home/anthony/zybo_to_ultra/new_workspace/transfer/_ide/psinit/ps7_init.tcl' is done.
16:22:58 INFO  : 'ps7_init' command is executed.
16:22:58 INFO  : 'ps7_post_config' command is executed.
16:22:58 INFO  : Context for processor 'ps7_cortexa9_0' is selected.
16:22:58 INFO  : The application '/home/anthony/zybo_to_ultra/new_workspace/transfer/Debug/transfer.elf' is downloaded to processor 'ps7_cortexa9_0'.
16:22:59 INFO  : 'configparams force-mem-access 0' command is executed.
16:22:59 INFO  : ----------------XSDB Script----------------
connect -url tcp:127.0.0.1:3121
targets -set -nocase -filter {name =~"APU*"}
rst -system
after 3000
targets -set -filter {jtag_cable_name =~ "Digilent Zybo Z7 210351AF224DA" && level==0 && jtag_device_ctx=="jsn-Zybo Z7-210351AF224DA-13722093-0"}
fpga -file /home/anthony/zybo_to_ultra/new_workspace/transfer/_ide/bitstream/design_1_wrapper.bit
targets -set -nocase -filter {name =~"APU*"}
loadhw -hw /home/anthony/zybo_to_ultra/new_workspace/design_1_wrapper/export/design_1_wrapper/hw/design_1_wrapper.xsa -mem-ranges [list {0x40000000 0xbfffffff}] -regs
configparams force-mem-access 1
targets -set -nocase -filter {name =~"APU*"}
source /home/anthony/zybo_to_ultra/new_workspace/transfer/_ide/psinit/ps7_init.tcl
ps7_init
ps7_post_config
targets -set -nocase -filter {name =~ "*A9*#0"}
dow /home/anthony/zybo_to_ultra/new_workspace/transfer/Debug/transfer.elf
configparams force-mem-access 0
----------------End of Script----------------

16:22:59 INFO  : Context for processor 'ps7_cortexa9_0' is selected.
16:22:59 INFO  : 'con' command is executed.
16:22:59 INFO  : ----------------XSDB Script (After Launch)----------------
targets -set -nocase -filter {name =~ "*A9*#0"}
con
----------------End of Script----------------

16:22:59 INFO  : Launch script is exported to file '/home/anthony/zybo_to_ultra/new_workspace/transfer_system/_ide/scripts/debugger_transfer-default.tcl'
16:23:42 INFO  : Checking for BSP changes to sync application flags for project 'transfer'...
16:23:44 INFO  : Disconnected from the channel tcfchan#11.
16:23:45 INFO  : Connected to target on host '127.0.0.1' and port '3121'.
16:23:45 INFO  : Jtag cable 'Digilent Zybo Z7 210351AF224DA' is selected.
16:23:45 ERROR : port closed
16:23:45 INFO  : ----------------XSDB Script----------------
connect -url tcp:127.0.0.1:3121
----------------End of Script----------------

16:23:45 ERROR : port closed
16:23:48 INFO  : Connected to target on host '127.0.0.1' and port '3121'.
16:23:49 INFO  : Jtag cable 'Digilent Zybo Z7 210351AF224DA' is selected.
16:23:49 INFO  : 'jtag frequency' command is executed.
16:23:49 INFO  : Context for 'APU' is selected.
16:23:49 INFO  : System reset is completed.
16:23:52 INFO  : 'after 3000' command is executed.
16:23:52 INFO  : 'targets -set -filter {jtag_cable_name =~ "Digilent Zybo Z7 210351AF224DA" && level==0 && jtag_device_ctx=="jsn-Zybo Z7-210351AF224DA-13722093-0"}' command is executed.
16:23:53 INFO  : Device configured successfully with "/home/anthony/zybo_to_ultra/new_workspace/transfer/_ide/bitstream/design_1_wrapper.bit"
16:23:53 INFO  : Context for 'APU' is selected.
16:23:53 INFO  : Hardware design and registers information is loaded from '/home/anthony/zybo_to_ultra/new_workspace/design_1_wrapper/export/design_1_wrapper/hw/design_1_wrapper.xsa'.
16:23:53 INFO  : 'configparams force-mem-access 1' command is executed.
16:23:53 INFO  : Context for 'APU' is selected.
16:23:53 INFO  : Sourcing of '/home/anthony/zybo_to_ultra/new_workspace/transfer/_ide/psinit/ps7_init.tcl' is done.
16:23:53 INFO  : 'ps7_init' command is executed.
16:23:53 INFO  : 'ps7_post_config' command is executed.
16:23:53 INFO  : Context for processor 'ps7_cortexa9_0' is selected.
16:23:53 INFO  : The application '/home/anthony/zybo_to_ultra/new_workspace/transfer/Debug/transfer.elf' is downloaded to processor 'ps7_cortexa9_0'.
16:23:53 INFO  : 'configparams force-mem-access 0' command is executed.
16:23:53 INFO  : ----------------XSDB Script----------------
connect -url tcp:127.0.0.1:3121
targets -set -nocase -filter {name =~"APU*"}
rst -system
after 3000
targets -set -filter {jtag_cable_name =~ "Digilent Zybo Z7 210351AF224DA" && level==0 && jtag_device_ctx=="jsn-Zybo Z7-210351AF224DA-13722093-0"}
fpga -file /home/anthony/zybo_to_ultra/new_workspace/transfer/_ide/bitstream/design_1_wrapper.bit
targets -set -nocase -filter {name =~"APU*"}
loadhw -hw /home/anthony/zybo_to_ultra/new_workspace/design_1_wrapper/export/design_1_wrapper/hw/design_1_wrapper.xsa -mem-ranges [list {0x40000000 0xbfffffff}] -regs
configparams force-mem-access 1
targets -set -nocase -filter {name =~"APU*"}
source /home/anthony/zybo_to_ultra/new_workspace/transfer/_ide/psinit/ps7_init.tcl
ps7_init
ps7_post_config
targets -set -nocase -filter {name =~ "*A9*#0"}
dow /home/anthony/zybo_to_ultra/new_workspace/transfer/Debug/transfer.elf
configparams force-mem-access 0
----------------End of Script----------------

16:23:53 INFO  : Context for processor 'ps7_cortexa9_0' is selected.
16:23:53 INFO  : 'con' command is executed.
16:23:53 INFO  : ----------------XSDB Script (After Launch)----------------
targets -set -nocase -filter {name =~ "*A9*#0"}
con
----------------End of Script----------------

16:23:53 INFO  : Launch script is exported to file '/home/anthony/zybo_to_ultra/new_workspace/transfer_system/_ide/scripts/debugger_transfer-default.tcl'
16:24:48 INFO  : Checking for BSP changes to sync application flags for project 'transfer'...
16:24:49 INFO  : Disconnected from the channel tcfchan#12.
16:24:50 INFO  : Connected to target on host '127.0.0.1' and port '3121'.
16:24:50 INFO  : Jtag cable 'Digilent Zybo Z7 210351AF224DA' is selected.
16:24:50 INFO  : 'jtag frequency' command is executed.
16:24:50 INFO  : Context for 'APU' is selected.
16:24:50 INFO  : System reset is completed.
16:24:53 INFO  : 'after 3000' command is executed.
16:24:53 INFO  : 'targets -set -filter {jtag_cable_name =~ "Digilent Zybo Z7 210351AF224DA" && level==0 && jtag_device_ctx=="jsn-Zybo Z7-210351AF224DA-13722093-0"}' command is executed.
16:24:55 INFO  : Device configured successfully with "/home/anthony/zybo_to_ultra/new_workspace/transfer/_ide/bitstream/design_1_wrapper.bit"
16:24:55 INFO  : Context for 'APU' is selected.
16:24:55 INFO  : Hardware design and registers information is loaded from '/home/anthony/zybo_to_ultra/new_workspace/design_1_wrapper/export/design_1_wrapper/hw/design_1_wrapper.xsa'.
16:24:55 INFO  : 'configparams force-mem-access 1' command is executed.
16:24:55 INFO  : Context for 'APU' is selected.
16:24:55 INFO  : Sourcing of '/home/anthony/zybo_to_ultra/new_workspace/transfer/_ide/psinit/ps7_init.tcl' is done.
16:24:55 INFO  : 'ps7_init' command is executed.
16:24:55 INFO  : 'ps7_post_config' command is executed.
16:24:55 INFO  : Context for processor 'ps7_cortexa9_0' is selected.
16:24:55 INFO  : The application '/home/anthony/zybo_to_ultra/new_workspace/transfer/Debug/transfer.elf' is downloaded to processor 'ps7_cortexa9_0'.
16:24:55 INFO  : 'configparams force-mem-access 0' command is executed.
16:24:55 INFO  : ----------------XSDB Script----------------
connect -url tcp:127.0.0.1:3121
targets -set -nocase -filter {name =~"APU*"}
rst -system
after 3000
targets -set -filter {jtag_cable_name =~ "Digilent Zybo Z7 210351AF224DA" && level==0 && jtag_device_ctx=="jsn-Zybo Z7-210351AF224DA-13722093-0"}
fpga -file /home/anthony/zybo_to_ultra/new_workspace/transfer/_ide/bitstream/design_1_wrapper.bit
targets -set -nocase -filter {name =~"APU*"}
loadhw -hw /home/anthony/zybo_to_ultra/new_workspace/design_1_wrapper/export/design_1_wrapper/hw/design_1_wrapper.xsa -mem-ranges [list {0x40000000 0xbfffffff}] -regs
configparams force-mem-access 1
targets -set -nocase -filter {name =~"APU*"}
source /home/anthony/zybo_to_ultra/new_workspace/transfer/_ide/psinit/ps7_init.tcl
ps7_init
ps7_post_config
targets -set -nocase -filter {name =~ "*A9*#0"}
dow /home/anthony/zybo_to_ultra/new_workspace/transfer/Debug/transfer.elf
configparams force-mem-access 0
----------------End of Script----------------

16:24:55 INFO  : Context for processor 'ps7_cortexa9_0' is selected.
16:24:55 INFO  : 'con' command is executed.
16:24:55 INFO  : ----------------XSDB Script (After Launch)----------------
targets -set -nocase -filter {name =~ "*A9*#0"}
con
----------------End of Script----------------

16:24:55 INFO  : Launch script is exported to file '/home/anthony/zybo_to_ultra/new_workspace/transfer_system/_ide/scripts/debugger_transfer-default.tcl'
16:32:27 INFO  : Checking for BSP changes to sync application flags for project 'transfer'...
16:32:28 INFO  : Disconnected from the channel tcfchan#13.
16:32:29 INFO  : Connected to target on host '127.0.0.1' and port '3121'.
16:32:30 INFO  : Jtag cable 'Digilent Zybo Z7 210351AF224DA' is selected.
16:32:30 ERROR : port closed
16:32:30 INFO  : ----------------XSDB Script----------------
connect -url tcp:127.0.0.1:3121
----------------End of Script----------------

16:32:30 ERROR : port closed
16:32:34 INFO  : Connected to target on host '127.0.0.1' and port '3121'.
16:32:34 INFO  : Jtag cable 'Digilent Zybo Z7 210351AF224DA' is selected.
16:32:34 INFO  : 'jtag frequency' command is executed.
16:32:34 INFO  : Context for 'APU' is selected.
16:32:34 INFO  : System reset is completed.
16:32:37 INFO  : 'after 3000' command is executed.
16:32:37 INFO  : 'targets -set -filter {jtag_cable_name =~ "Digilent Zybo Z7 210351AF224DA" && level==0 && jtag_device_ctx=="jsn-Zybo Z7-210351AF224DA-13722093-0"}' command is executed.
16:32:38 INFO  : Device configured successfully with "/home/anthony/zybo_to_ultra/new_workspace/transfer/_ide/bitstream/design_1_wrapper.bit"
16:32:39 INFO  : Context for 'APU' is selected.
16:32:39 INFO  : Hardware design and registers information is loaded from '/home/anthony/zybo_to_ultra/new_workspace/design_1_wrapper/export/design_1_wrapper/hw/design_1_wrapper.xsa'.
16:32:39 INFO  : 'configparams force-mem-access 1' command is executed.
16:32:39 INFO  : Context for 'APU' is selected.
16:32:39 INFO  : Sourcing of '/home/anthony/zybo_to_ultra/new_workspace/transfer/_ide/psinit/ps7_init.tcl' is done.
16:32:39 INFO  : 'ps7_init' command is executed.
16:32:39 INFO  : 'ps7_post_config' command is executed.
16:32:39 INFO  : Context for processor 'ps7_cortexa9_0' is selected.
16:32:39 INFO  : The application '/home/anthony/zybo_to_ultra/new_workspace/transfer/Debug/transfer.elf' is downloaded to processor 'ps7_cortexa9_0'.
16:32:39 INFO  : 'configparams force-mem-access 0' command is executed.
16:32:39 INFO  : ----------------XSDB Script----------------
connect -url tcp:127.0.0.1:3121
targets -set -nocase -filter {name =~"APU*"}
rst -system
after 3000
targets -set -filter {jtag_cable_name =~ "Digilent Zybo Z7 210351AF224DA" && level==0 && jtag_device_ctx=="jsn-Zybo Z7-210351AF224DA-13722093-0"}
fpga -file /home/anthony/zybo_to_ultra/new_workspace/transfer/_ide/bitstream/design_1_wrapper.bit
targets -set -nocase -filter {name =~"APU*"}
loadhw -hw /home/anthony/zybo_to_ultra/new_workspace/design_1_wrapper/export/design_1_wrapper/hw/design_1_wrapper.xsa -mem-ranges [list {0x40000000 0xbfffffff}] -regs
configparams force-mem-access 1
targets -set -nocase -filter {name =~"APU*"}
source /home/anthony/zybo_to_ultra/new_workspace/transfer/_ide/psinit/ps7_init.tcl
ps7_init
ps7_post_config
targets -set -nocase -filter {name =~ "*A9*#0"}
dow /home/anthony/zybo_to_ultra/new_workspace/transfer/Debug/transfer.elf
configparams force-mem-access 0
----------------End of Script----------------

16:32:39 INFO  : Context for processor 'ps7_cortexa9_0' is selected.
16:32:39 INFO  : 'con' command is executed.
16:32:39 INFO  : ----------------XSDB Script (After Launch)----------------
targets -set -nocase -filter {name =~ "*A9*#0"}
con
----------------End of Script----------------

16:32:39 INFO  : Launch script is exported to file '/home/anthony/zybo_to_ultra/new_workspace/transfer_system/_ide/scripts/debugger_transfer-default.tcl'
09:30:00 INFO  : Disconnected from the channel tcfchan#14.
